    [34mCC[0m [33mMakefile.dep[0m
rm -rf nexcache-server nexcache-sentinel nexcache-cli nexcache-benchmark nexcache-check-rdb nexcache-check-aof nexcache-unit-gtests libnexcache.a trace/*.o trace/*.d *.o *.gcda *.gcno *.gcov nexcache.info lcov-html Makefile.dep *.so
rm -f macos_stubs.d acl.d adlist.d ae.d allocator_defrag.d anet.d aof.d bio.d bitops.d blocked.d call_reply.d childinfo.d cluster.d cluster_legacy.d cluster_migrateslots.d cluster_slot_stats.d commandlog.d commands.d config.d connection.d crc16.d crc16_slottable.d crc64.d crccombine.d crcspeed.d db.d debug.d defrag.d dict.d entry.d eval.d evict.d expire.d fifo.d functions.d geo.d geohash.d geohash_helper.d hashtable.d hyperloglog.d intset.d io_threads.d kvstore.d latency.d lazyfree.d listpack.d localtime.d logreqres.d lolwut.d lolwut5.d lolwut6.d lolwut9.d lrulfu.d lzf_c.d lzf_d.d memory_prefetch.d memtest.d module.d monotonic.d mt19937-64.d multi.d mutexqueue.d networking.d notify.d object.d pqsort.d pubsub.d quicklist.d rand.d rax.d rdb.d release.d replication.d resp_parser.d rio.d script.d scripting_engine.d sds.d sentinel.d server.d setcpuaffinity.d setproctitle.d sha1.d sha256.d siphash.d socket.d sort.d sparkline.d strl.d syncio.d syscheck.d t_hash.d t_list.d t_set.d t_stream.d t_string.d t_zset.d threads_mngr.d timeout.d tls.d tracking.d unix.d util.d nexcache-check-aof.d nexcache-check-rdb.d vector.d vset.d ziplist.d zipmap.d zmalloc.d core/nexstorage.d core/subkey_ttl.d crdt/crdt.d hashtable/nexdash.d segcache/segcache.d flash/flash.d core/engine.d core/scheduler.d core/vll.d core/planes.d memory/arena.d memory/arch_probe.d memory/hazard_ptr.d memory/hybrid.d vector/hnsw.d vector/router.d vector/quantization.d vector/hybrid_search.d bloom/nexbloom.d network/protocol_detect.d network/websocket.d security/quota.d observability/anomaly.d trace/trace.d trace/trace_aof.d trace/trace_cluster.d trace/trace_commands.d trace/trace_db.d trace/trace_rdb.d trace/trace_server.d adlist.d ae.d anet.d cli_commands.d cli_common.d crc16.d crc64.d crccombine.d crcspeed.d dict.d monotonic.d mt19937-64.d release.d sds.d serverassert.d sha256.d siphash.d strl.d util.d nexcache-cli.d zmalloc.d adlist.d ae.d anet.d cli_common.d crc16.d crc16_slottable.d crc64.d crccombine.d crcspeed.d dict.d fuzzer_client.d fuzzer_command_generator.d monotonic.d mt19937-64.d release.d sds.d serverassert.d sha256.d siphash.d strl.d util.d nexcache-benchmark.d zmalloc.d
(cd modules/lua && /Applications/Xcode.app/Contents/Developer/usr/bin/make clean)
rm -f *.so debug_lua.o engine_lua.o function_lua.o list.o script_lua.o sha1.o rand.o
(cd ../deps && /Applications/Xcode.app/Contents/Developer/usr/bin/make distclean)
(cd libnexcache && /Applications/Xcode.app/Contents/Developer/usr/bin/make clean) > /dev/null || true
(cd linenoise && /Applications/Xcode.app/Contents/Developer/usr/bin/make clean) > /dev/null || true
(cd lua && /Applications/Xcode.app/Contents/Developer/usr/bin/make clean) > /dev/null || true
(cd jemalloc && [ -f Makefile ] && /Applications/Xcode.app/Contents/Developer/usr/bin/make distclean) > /dev/null || true
(cd hdr_histogram && /Applications/Xcode.app/Contents/Developer/usr/bin/make clean) > /dev/null || true
(cd fpconv && /Applications/Xcode.app/Contents/Developer/usr/bin/make clean) > /dev/null || true
(cd fast_float_c_interface && /Applications/Xcode.app/Contents/Developer/usr/bin/make clean) > /dev/null || true
(rm -f .make-*)
(cd modules && /Applications/Xcode.app/Contents/Developer/usr/bin/make clean)
rm -rf *.xo *.so
(cd ../tests/modules && /Applications/Xcode.app/Contents/Developer/usr/bin/make clean)
rm -f commandfilter.so basics.so testrdb.so fork.so infotest.so propagate.so misc.so hooks.so blockonkeys.so blockonbackground.so scan.so datatype.so datatype2.so auth.so keyspace_events.so block_keyspace_notification.so blockedclient.so getkeys.so getchannels.so test_lazyfree.so timer.so defragtest.so keyspecs.so hash.so hash_stringref.so zset.so stream.so mallocsize.so aclcheck.so list.so subcommands.so reply.so cmdintrospection.so eventloop.so moduleconfigs.so moduleconfigstwo.so moduleparameter.so publish.so usercall.so postnotifications.so moduleauthtwo.so rdbloadsave.so crash.so cluster.so helloscripting.so unsupported_features.so commandfilter.xo basics.xo testrdb.xo fork.xo infotest.xo propagate.xo misc.xo hooks.xo blockonkeys.xo blockonbackground.xo scan.xo datatype.xo datatype2.xo auth.xo keyspace_events.xo block_keyspace_notification.xo blockedclient.xo getkeys.xo getchannels.xo test_lazyfree.xo timer.xo defragtest.xo keyspecs.xo hash.xo hash_stringref.xo zset.xo stream.xo mallocsize.xo aclcheck.xo list.xo subcommands.xo reply.xo cmdintrospection.xo eventloop.xo moduleconfigs.xo moduleconfigstwo.xo moduleparameter.xo publish.xo usercall.xo postnotifications.xo moduleauthtwo.xo rdbloadsave.xo crash.xo cluster.xo helloscripting.xo unsupported_features.xo
(cd unit && /Applications/Xcode.app/Contents/Developer/usr/bin/make clean)
Makefile:106: *** googletest not found. Install gtest or set GTEST_CFLAGS/GTEST_LIBS explicitly.  Stop.
make: [distclean] Error 2 (ignored)
(rm -f .make-*)
(find unit -type d -name __pycache__ -exec rm -rf {} +)
echo STD=-pedantic -Wno-c11-extensions -std=gnu11 >> .make-settings
echo WARN=-Wall -W -Wno-missing-field-initializers  -Wstrict-prototypes  >> .make-settings
echo OPT= >> .make-settings
echo PROG_SUFFIX= >> .make-settings
echo MALLOC=libc >> .make-settings
echo BUILD_TLS= >> .make-settings
echo BUILD_RDMA= >> .make-settings
echo USE_SYSTEMD= >> .make-settings
echo BUILD_LUA=no >> .make-settings
echo USE_FAST_FLOAT=no >> .make-settings
echo USE_LIBBACKTRACE=no >> .make-settings
echo LIBBACKTRACE_PREFIX= >> .make-settings
echo CFLAGS= >> .make-settings
echo LDFLAGS= >> .make-settings
echo SERVER_CFLAGS=-UHAVE_IO_URING >> .make-settings
echo SERVER_LDFLAGS= >> .make-settings
echo PREV_FINAL_CFLAGS=-pedantic -Wno-c11-extensions -std=gnu11 -Wall -W -Wno-missing-field-initializers  -Wstrict-prototypes   -g -ggdb  -UHAVE_IO_URING -I../deps/libnexcache/include -I../deps/linenoise -I../deps/hdr_histogram -I../deps/fpconv >> .make-settings
echo PREV_FINAL_LDFLAGS=   -g -ggdb >> .make-settings
echo ENGINE_SERVER_OBJ=macos_stubs.o acl.o adlist.o ae.o allocator_defrag.o anet.o aof.o bio.o bitops.o blocked.o call_reply.o childinfo.o cluster.o cluster_legacy.o cluster_migrateslots.o cluster_slot_stats.o commandlog.o commands.o config.o connection.o crc16.o crc16_slottable.o crc64.o crccombine.o crcspeed.o db.o debug.o defrag.o dict.o entry.o eval.o evict.o expire.o fifo.o functions.o geo.o geohash.o geohash_helper.o hashtable.o hyperloglog.o intset.o io_threads.o kvstore.o latency.o lazyfree.o listpack.o localtime.o logreqres.o lolwut.o lolwut5.o lolwut6.o lolwut9.o lrulfu.o lzf_c.o lzf_d.o memory_prefetch.o memtest.o module.o monotonic.o mt19937-64.o multi.o mutexqueue.o networking.o notify.o object.o pqsort.o pubsub.o quicklist.o rand.o rax.o rdb.o release.o replication.o resp_parser.o rio.o script.o scripting_engine.o sds.o sentinel.o server.o setcpuaffinity.o setproctitle.o sha1.o sha256.o siphash.o socket.o sort.o sparkline.o strl.o syncio.o syscheck.o t_hash.o t_list.o t_set.o t_stream.o t_string.o t_zset.o threads_mngr.o timeout.o tls.o tracking.o unix.o util.o nexcache-check-aof.o nexcache-check-rdb.o vector.o vset.o ziplist.o zipmap.o zmalloc.o core/nexstorage.o core/subkey_ttl.o crdt/crdt.o hashtable/nexdash.o segcache/segcache.o flash/flash.o core/engine.o core/scheduler.o core/vll.o core/planes.o memory/arena.o memory/arch_probe.o memory/hazard_ptr.o memory/hybrid.o vector/hnsw.o vector/router.o vector/quantization.o vector/hybrid_search.o bloom/nexbloom.o network/protocol_detect.o network/websocket.o security/quota.o observability/anomaly.o trace/trace.o trace/trace_aof.o trace/trace_cluster.o trace/trace_commands.o trace/trace_db.o trace/trace_rdb.o trace/trace_server.o >> .make-settings
(cd ../deps && /Applications/Xcode.app/Contents/Developer/usr/bin/make libnexcache linenoise hdr_histogram fpconv gtest-parallel)
(cd libnexcache && /Applications/Xcode.app/Contents/Developer/usr/bin/make clean) > /dev/null || true
(cd linenoise && /Applications/Xcode.app/Contents/Developer/usr/bin/make clean) > /dev/null || true
(cd lua && /Applications/Xcode.app/Contents/Developer/usr/bin/make clean) > /dev/null || true
(cd jemalloc && [ -f Makefile ] && /Applications/Xcode.app/Contents/Developer/usr/bin/make distclean) > /dev/null || true
(cd hdr_histogram && /Applications/Xcode.app/Contents/Developer/usr/bin/make clean) > /dev/null || true
(cd fpconv && /Applications/Xcode.app/Contents/Developer/usr/bin/make clean) > /dev/null || true
(cd fast_float_c_interface && /Applications/Xcode.app/Contents/Developer/usr/bin/make clean) > /dev/null || true
(rm -f .make-*)
(echo "" > .make-ldflags)
(echo "" > .make-cflags)
[32;1mMAKE[0m [37;1mlibnexcache[0m
cd libnexcache && /Applications/Xcode.app/Contents/Developer/usr/bin/make static SDS_INCLUDE_DIR=../../src/ DICT_INCLUDE_DIR=../../src/
mkdir -p obj
cc -std=gnu11 -pedantic -O3 -fPIC -fvisibility=hidden  -DNEXCACHE_USE_THREADS -Wall -Wextra -pedantic -Wstrict-prototypes -Wwrite-strings -Wno-missing-field-initializers  -g -ggdb  -Iinclude/nexcache -I../../src/ -I../../src/ -MMD -MP -c src/adlist.c -o obj/adlist.o
cc -std=gnu11 -pedantic -O3 -fPIC -fvisibility=hidden  -DNEXCACHE_USE_THREADS -Wall -Wextra -pedantic -Wstrict-prototypes -Wwrite-strings -Wno-missing-field-initializers  -g -ggdb  -Iinclude/nexcache -I../../src/ -I../../src/ -MMD -MP -c src/alloc.c -o obj/alloc.o
cc -std=gnu11 -pedantic -O3 -fPIC -fvisibility=hidden  -DNEXCACHE_USE_THREADS -Wall -Wextra -pedantic -Wstrict-prototypes -Wwrite-strings -Wno-missing-field-initializers  -g -ggdb  -Iinclude/nexcache -I../../src/ -I../../src/ -MMD -MP -c src/async.c -o obj/async.o
cc -std=gnu11 -pedantic -O3 -fPIC -fvisibility=hidden  -DNEXCACHE_USE_THREADS -Wall -Wextra -pedantic -Wstrict-prototypes -Wwrite-strings -Wno-missing-field-initializers  -g -ggdb  -Iinclude/nexcache -I../../src/ -I../../src/ -MMD -MP -c src/cluster.c -o obj/cluster.o
cc -std=gnu11 -pedantic -O3 -fPIC -fvisibility=hidden  -DNEXCACHE_USE_THREADS -Wall -Wextra -pedantic -Wstrict-prototypes -Wwrite-strings -Wno-missing-field-initializers  -g -ggdb  -Iinclude/nexcache -I../../src/ -I../../src/ -MMD -MP -c src/command.c -o obj/command.o
cc -std=gnu11 -pedantic -O3 -fPIC -fvisibility=hidden  -DNEXCACHE_USE_THREADS -Wall -Wextra -pedantic -Wstrict-prototypes -Wwrite-strings -Wno-missing-field-initializers  -g -ggdb  -Iinclude/nexcache -I../../src/ -I../../src/ -MMD -MP -c src/conn.c -o obj/conn.o
cc -std=gnu11 -pedantic -O3 -fPIC -fvisibility=hidden  -DNEXCACHE_USE_THREADS -Wall -Wextra -pedantic -Wstrict-prototypes -Wwrite-strings -Wno-missing-field-initializers  -g -ggdb  -Iinclude/nexcache -I../../src/ -I../../src/ -MMD -MP -c src/crc16.c -o obj/crc16.o
cc -std=gnu11 -pedantic -O3 -fPIC -fvisibility=hidden  -DNEXCACHE_USE_THREADS -Wall -Wextra -pedantic -Wstrict-prototypes -Wwrite-strings -Wno-missing-field-initializers  -g -ggdb  -Iinclude/nexcache -I../../src/ -I../../src/ -MMD -MP -c src/net.c -o obj/net.o
cc -std=gnu11 -pedantic -O3 -fPIC -fvisibility=hidden  -DNEXCACHE_USE_THREADS -Wall -Wextra -pedantic -Wstrict-prototypes -Wwrite-strings -Wno-missing-field-initializers  -g -ggdb  -Iinclude/nexcache -I../../src/ -I../../src/ -MMD -MP -c src/nexcache.c -o obj/nexcache.o
cc -std=gnu11 -pedantic -O3 -fPIC -fvisibility=hidden  -DNEXCACHE_USE_THREADS -Wall -Wextra -pedantic -Wstrict-prototypes -Wwrite-strings -Wno-missing-field-initializers  -g -ggdb  -Iinclude/nexcache -I../../src/ -I../../src/ -MMD -MP -c src/read.c -o obj/read.o
cc -std=gnu11 -pedantic -O3 -fPIC -fvisibility=hidden  -DNEXCACHE_USE_THREADS -Wall -Wextra -pedantic -Wstrict-prototypes -Wwrite-strings -Wno-missing-field-initializers  -g -ggdb  -Iinclude/nexcache -I../../src/ -I../../src/ -MMD -MP -c src/sockcompat.c -o obj/sockcompat.o
cc -std=gnu11 -pedantic -O3 -fPIC -fvisibility=hidden  -DNEXCACHE_USE_THREADS -Wall -Wextra -pedantic -Wstrict-prototypes -Wwrite-strings -Wno-missing-field-initializers  -g -ggdb  -Iinclude/nexcache -I../../src/ -I../../src/ -MMD -MP -c src/vkutil.c -o obj/vkutil.o
mkdir -p lib
ar rcs lib/libnexcache.a obj/adlist.o obj/alloc.o obj/async.o obj/cluster.o obj/command.o obj/conn.o obj/crc16.o obj/net.o obj/nexcache.o obj/read.o obj/sockcompat.o obj/vkutil.o
[32;1mMAKE[0m [37;1mlinenoise[0m
cd linenoise && /Applications/Xcode.app/Contents/Developer/usr/bin/make
cc  -Wall -Os -g  -c linenoise.c
linenoise.c:968:36: warning: variable length array folded to constant array as an extension [-Wgnu-folding-constant]
  968 |                     char seqBuffer[seqBufferMaxLength];
      |                                    ^~~~~~~~~~~~~~~~~~
1 warning generated.
[32;1mMAKE[0m [37;1mhdr_histogram[0m
cd hdr_histogram && /Applications/Xcode.app/Contents/Developer/usr/bin/make
cc -std=gnu11 -Wall -Os -g  -DHDR_MALLOC_INCLUDE=\"hdr_nexcache_malloc.h\" -c  hdr_histogram.c 
ar rcs libhdrhistogram.a hdr_histogram.o
[32;1mMAKE[0m [37;1mfpconv[0m
cd fpconv && /Applications/Xcode.app/Contents/Developer/usr/bin/make CFLAGS="-fPIC "
cc  -Wall -Os -g -fPIC  -c  fpconv_dtoa.c 
ar rcs libfpconv.a fpconv_dtoa.o
[32;1mMAKE[0m [37;1mgtest-parallel[0m
    [34mCC[0m [33mMakefile.dep[0m
    [34mCC[0m [33mmacos_stubs.o[0m
    [34mCC[0m [33macl.o[0m
    [34mCC[0m [33madlist.o[0m
    [34mCC[0m [33mae.o[0m
    [34mCC[0m [33manet.o[0m
    [34mCC[0m [33mallocator_defrag.o[0m
    [34mCC[0m [33maof.o[0m
    [34mCC[0m [33mbio.o[0m
macos_stubs.c:8:58: warning: unused parameter 'caps' [-Wunused-parameter]
    8 | int __attribute__((weak)) nexvec_auto_quantization(void *caps, size_t n_vectors, float recall_target) { return 0; }
      |                                                          ^
macos_stubs.c:8:71: warning: unused parameter 'n_vectors' [-Wunused-parameter]
    8 | int __attribute__((weak)) nexvec_auto_quantization(void *caps, size_t n_vectors, float recall_target) { return 0; }
      |                                                                       ^
macos_stubs.c:8:88: warning: unused parameter 'recall_target' [-Wunused-parameter]
    8 | int __attribute__((weak)) nexvec_auto_quantization(void *caps, size_t n_vectors, float recall_target) { return 0; }
      |                                                                                        ^
3 warnings generated.
    [34mCC[0m [33mbitops.o[0m
    [34mCC[0m [33mblocked.o[0m
    [34mCC[0m [33mcall_reply.o[0m
    [34mCC[0m [33mchildinfo.o[0m
    [34mCC[0m [33mcluster.o[0m
    [34mCC[0m [33mcluster_legacy.o[0m
    [34mCC[0m [33mcluster_migrateslots.o[0m
    [34mCC[0m [33mcluster_slot_stats.o[0m
    [34mCC[0m [33mcommandlog.o[0m
    [34mCC[0m [33mcommands.o[0m
    [34mCC[0m [33mconfig.o[0m
    [34mCC[0m [33mconnection.o[0m
    [34mCC[0m [33mcrc16.o[0m
    [34mCC[0m [33mcrc16_slottable.o[0m
    [34mCC[0m [33mcrc64.o[0m
    [34mCC[0m [33mcrccombine.o[0m
    [34mCC[0m [33mcrcspeed.o[0m
    [34mCC[0m [33mdb.o[0m
    [34mCC[0m [33mdefrag.o[0m
    [34mCC[0m [33mdict.o[0m
    [34mCC[0m [33mentry.o[0m
    [34mCC[0m [33mdebug.o[0m
    [34mCC[0m [33meval.o[0m
    [34mCC[0m [33mevict.o[0m
    [34mCC[0m [33mexpire.o[0m
    [34mCC[0m [33mfifo.o[0m
    [34mCC[0m [33mfunctions.o[0m
    [34mCC[0m [33mgeo.o[0m
    [34mCC[0m [33mgeohash.o[0m
    [34mCC[0m [33mgeohash_helper.o[0m
    [34mCC[0m [33mhashtable.o[0m
    [34mCC[0m [33mhyperloglog.o[0m
    [34mCC[0m [33mintset.o[0m
    [34mCC[0m [33mio_threads.o[0m
    [34mCC[0m [33mkvstore.o[0m
    [34mCC[0m [33mlatency.o[0m
    [34mCC[0m [33mlazyfree.o[0m
    [34mCC[0m [33mlistpack.o[0m
    [34mCC[0m [33mlocaltime.o[0m
    [34mCC[0m [33mlogreqres.o[0m
    [34mCC[0m [33mlolwut.o[0m
    [34mCC[0m [33mlolwut5.o[0m
    [34mCC[0m [33mlolwut6.o[0m
    [34mCC[0m [33mlolwut9.o[0m
    [34mCC[0m [33mlrulfu.o[0m
    [34mCC[0m [33mlzf_c.o[0m
    [34mCC[0m [33mlzf_d.o[0m
    [34mCC[0m [33mmemory_prefetch.o[0m
    [34mCC[0m [33mmemtest.o[0m
    [34mCC[0m [33mmodule.o[0m
    [34mCC[0m [33mmt19937-64.o[0m
    [34mCC[0m [33mmonotonic.o[0m
    [34mCC[0m [33mmulti.o[0m
    [34mCC[0m [33mmutexqueue.o[0m
    [34mCC[0m [33mnetworking.o[0m
    [34mCC[0m [33mnotify.o[0m
    [34mCC[0m [33mobject.o[0m
    [34mCC[0m [33mpqsort.o[0m
    [34mCC[0m [33mpubsub.o[0m
In file included from multi.c:32:
In file included from ./core/engine.h:31:
./core/../memory/tagged_ptr.h:88:102: warning: unused parameter 'version' [-Wunused-parameter]
   88 | static inline TaggedPtr tptr_create(void *ptr, uint8_t type, uint8_t subtype, uint8_t flags, uint8_t version) {
      |                                                                                                      ^
    [34mCC[0m [33mquicklist.o[0m
1 warning generated.
    [34mCC[0m [33mrax.o[0m
    [34mCC[0m [33mrand.o[0m
    [34mCC[0m [33mrdb.o[0m
    [34mCC[0m [33mrelease.o[0m
    [34mCC[0m [33mreplication.o[0m
    [34mCC[0m [33mresp_parser.o[0m
    [34mCC[0m [33mrio.o[0m
    [34mCC[0m [33mscript.o[0m
    [34mCC[0m [33mscripting_engine.o[0m
    [34mCC[0m [33msds.o[0m
    [34mCC[0m [33msentinel.o[0m
    [34mCC[0m [33mserver.o[0m
    [34mCC[0m [33msetcpuaffinity.o[0m
    [34mCC[0m [33msetproctitle.o[0m
    [34mCC[0m [33msha1.o[0m
    [34mCC[0m [33msha256.o[0m
    [34mCC[0m [33msiphash.o[0m
    [34mCC[0m [33msocket.o[0m
    [34mCC[0m [33msort.o[0m
    [34mCC[0m [33msparkline.o[0m
    [34mCC[0m [33mstrl.o[0m
    [34mCC[0m [33msyncio.o[0m
    [34mCC[0m [33msyscheck.o[0m
    [34mCC[0m [33mt_hash.o[0m
    [34mCC[0m [33mt_list.o[0m
    [34mCC[0m [33mt_set.o[0m
    [34mCC[0m [33mt_stream.o[0m
    [34mCC[0m [33mt_string.o[0m
    [34mCC[0m [33mt_zset.o[0m
    [34mCC[0m [33mthreads_mngr.o[0m
    [34mCC[0m [33mtimeout.o[0m
    [34mCC[0m [33mtls.o[0m
    [34mCC[0m [33mtracking.o[0m
    [34mCC[0m [33munix.o[0m
    [34mCC[0m [33mutil.o[0m
    [34mCC[0m [33mnexcache-check-aof.o[0m
    [34mCC[0m [33mnexcache-check-rdb.o[0m
    [34mCC[0m [33mvector.o[0m
    [34mCC[0m [33mvset.o[0m
    [34mCC[0m [33mziplist.o[0m
    [34mCC[0m [33mzipmap.o[0m
    [34mCC[0m [33mzmalloc.o[0m
    [34mCC[0m [33mcore/nexstorage.o[0m
    [34mCC[0m [33mcore/subkey_ttl.o[0m
    [34mCC[0m [33mcrdt/crdt.o[0m
    [34mCC[0m [33mhashtable/nexdash.o[0m
    [34mCC[0m [33msegcache/segcache.o[0m
    [34mCC[0m [33mflash/flash.o[0m
    [34mCC[0m [33mcore/engine.o[0m
    [34mCC[0m [33mcore/vll.o[0m
    [34mCC[0m [33mcore/scheduler.o[0m
    [34mCC[0m [33mcore/planes.o[0m
    [34mCC[0m [33mmemory/arena.o[0m
hashtable/nexdash.c:282:41: warning: unused parameter 't' [-Wunused-parameter]
  282 | void nexdash_scan_expired(NexDashTable *t, NexDashIterCb cb, void *ctx) {
      |                                         ^
hashtable/nexdash.c:282:58: warning: unused parameter 'cb' [-Wunused-parameter]
  282 | void nexdash_scan_expired(NexDashTable *t, NexDashIterCb cb, void *ctx) {
      |                                                          ^
hashtable/nexdash.c:282:68: warning: unused parameter 'ctx' [-Wunused-parameter]
  282 | void nexdash_scan_expired(NexDashTable *t, NexDashIterCb cb, void *ctx) {
      |                                                                    ^
hashtable/nexdash.c:315:67: warning: unused parameter 'cb' [-Wunused-parameter]
  315 | int nexdash_snapshot_iterate_delta(NexDashTable *t, NexDashIterCb cb, void *ctx) {
      |                                                                   ^
hashtable/nexdash.c:315:77: warning: unused parameter 'ctx' [-Wunused-parameter]
  315 | int nexdash_snapshot_iterate_delta(NexDashTable *t, NexDashIterCb cb, void *ctx) {
      |                                                                             ^
hashtable/nexdash.c:344:22: warning: unused variable 'hash' [-Wunused-variable]
  344 |             uint64_t hash = t->evict.prob_queue[t->evict.prob_head];
      |                      ^~~~
hashtable/nexdash.c:358:57: warning: unused parameter 'key' [-Wunused-parameter]
  358 | void nexdash_record_access(NexDashTable *t, const char *key, uint8_t key_len) {
      |                                                         ^
hashtable/nexdash.c:358:70: warning: unused parameter 'key_len' [-Wunused-parameter]
  358 | void nexdash_record_access(NexDashTable *t, const char *key, uint8_t key_len) {
      |                                                                      ^
8 warnings generated.
    [34mCC[0m [33mmemory/arch_probe.o[0m
In file included from core/scheduler.c:5:
In file included from core/scheduler.h:32:
In file included from core/../core/engine.h:31:
core/../core/../memory/tagged_ptr.h:88:102: warning: unused parameter 'version' [-Wunused-parameter]
   88 | static inline TaggedPtr tptr_create(void *ptr, uint8_t type, uint8_t subtype, uint8_t flags, uint8_t version) {
      |                                                                                                      ^
core/planes.c:31:77: warning: unused parameter 'msg_size' [-Wunused-parameter]
   31 | void plane_send_message(ThreadPlane from, ThreadPlane to, void *msg, size_t msg_size) {
      |                                                                             ^
    [34mCC[0m [33mmemory/hazard_ptr.o[0m
In file included from core/engine.c:5:
In file included from core/engine.h:31:
core/../memory/tagged_ptr.h:88:102: warning: unused parameter 'version' [-Wunused-parameter]
   88 | static inline TaggedPtr tptr_create(void *ptr, uint8_t type, uint8_t subtype, uint8_t flags, uint8_t version) {
      |                                                                                                      ^
1 warning generated.
    [34mCC[0m [33mmemory/hybrid.o[0m
1 warning generated.
    [34mCC[0m [33mvector/hnsw.o[0m
1 warning generated.
    [34mCC[0m [33mvector/router.o[0m
    [34mCC[0m [33mvector/quantization.o[0m
    [34mCC[0m [33mbloom/nexbloom.o[0m
    [34mCC[0m [33mvector/hybrid_search.o[0m
vector/router.c:3:56: warning: unused parameter 'dim' [-Wunused-parameter]
    3 | NexVectorDecision nex_vector_route(uint64_t count, int dim, int has_filters, const NexVectorCaps *caps) {
      |                                                        ^
1 warning generated.
    [34mCC[0m [33mnetwork/protocol_detect.o[0m
memory/hybrid.c:119:16: warning: unused variable 'evicted_bytes' [-Wunused-variable]
  119 |         size_t evicted_bytes = 0;
      |                ^~~~~~~~~~~~~
    [34mCC[0m [33mnetwork/websocket.o[0m
1 warning generated.
    [34mCC[0m [33msecurity/quota.o[0m
vector/hybrid_search.c:35:74: warning: unused parameter 'model_name' [-Wunused-parameter]
   35 | int nex_hybrid_rerank(HybridResult *results, uint32_t count, const char *model_name) {
      |                                                                          ^
1 warning generated.
    [34mCC[0m [33mobservability/anomaly.o[0m
    [34mCC[0m [33mtrace/trace.o[0m
    [34mCC[0m [33mtrace/trace_aof.o[0m
In file included from network/protocol_detect.c:5:
network/protocol_detect.h:7:40: warning: '/*' within block comment [-Wcomment]
    7 |  *   gRPC        — /nexcache.NexCache/* HTTP/2
      |                                      ^
network/protocol_detect.h:8:29: warning: '/*' within block comment [-Wcomment]
    8 |  *   HTTP REST   — /api/v1/*
      |                           ^
    [34mCC[0m [33mtrace/trace_cluster.o[0m
2 warnings generated.
network/websocket.c:110:19: warning: unused variable 'b64chars' [-Wunused-const-variable]
  110 | static const char b64chars[] =
      |                   ^~~~~~~~
    [34mCC[0m [33mtrace/trace_commands.o[0m
1 warning generated.
    [34mCC[0m [33mtrace/trace_db.o[0m
    [34mCC[0m [33mtrace/trace_rdb.o[0m
    [34mCC[0m [33mtrace/trace_server.o[0m
    [34mCC[0m [33mcli_common.o[0m
observability/anomaly.c:73:17: warning: unused function 'cms_estimate' [-Wunused-function]
   73 | static uint32_t cms_estimate(HotKeyTracker *t, const char *key) {
      |                 ^~~~~~~~~~~~
    [34mCC[0m [33mfuzzer_client.o[0m
1 warning generated.
    [34mCC[0m [33mfuzzer_command_generator.o[0m
    [34mCC[0m [33mserverassert.o[0m
    [34mCC[0m [33mnexcache-benchmark.o[0m
    [34;1mLINK[0m [37;1mnexcache-server[0m
    [34;1mLINK[0m [37;1mnexcache-benchmark[0m
